#
# There is insufficient memory for the Java Runtime Environment to continue.
# Native memory allocation (malloc) failed to allocate 32744 bytes for ChunkPool::allocate
# Possible reasons:
#   The system is out of physical RAM or swap space
#   The process is running with CompressedOops enabled, and the Java Heap may be blocking the growth of the native heap
# Possible solutions:
#   Reduce memory load on the system
#   Increase physical memory or swap space
#   Check if swap backing store is full
#   Decrease Java heap size (-Xmx/-Xms)
#   Decrease number of Java threads
#   Decrease Java thread stack sizes (-Xss)
#   Set larger code cache with -XX:ReservedCodeCacheSize=
#   JVM is running with Unscaled Compressed Oops mode in which the Java heap is
#     placed in the first 4GB address space. The Java Heap base address is the
#     maximum limit for the native heap growth. Please use -XX:HeapBaseMinAddress
#     to set the Java Heap base and to place the Java Heap above 4GB virtual address.
# This output file may be truncated or incomplete.
#
#  Out of Memory Error (allocation.cpp:272), pid=15352, tid=0x00000000000013c8
#
# JRE version: OpenJDK Runtime Environment (8.0_312-b07) (build 1.8.0_312-b07)
# Java VM: OpenJDK 64-Bit Server VM (25.312-b07 mixed mode windows-amd64 compressed oops)
# Failed to write core dump. Minidumps are not enabled by default on client versions of Windows
#

---------------  T H R E A D  ---------------

Current thread (0x0000000014166800):  VMThread [stack: 0x00000000168a0000,0x00000000169a0000] [id=5064]

Stack: [0x00000000168a0000,0x00000000169a0000]
[error occurred during error reporting (printing stack bounds), id 0xc0000005]

Native frames: (J=compiled Java code, j=interpreted, Vv=VM code, C=native code)

VM_Operation (0x000000001d7af8a0): BulkRevokeBias, mode: safepoint, requested by thread 0x000000001e4ad000


---------------  P R O C E S S  ---------------

Java Threads: ( => current thread )
  0x0000000017d2a800 JavaThread "jar transforms Thread 679" [_thread_blocked, id=12212, stack(0x0000000028d60000,0x0000000028e60000)]
  0x0000000017d22800 JavaThread "jar transforms Thread 678" [_thread_blocked, id=6180, stack(0x0000000028c60000,0x0000000028d60000)]
  0x0000000017d29800 JavaThread "jar transforms Thread 677" [_thread_blocked, id=8044, stack(0x0000000028b60000,0x0000000028c60000)]
  0x0000000017d24000 JavaThread "jar transforms Thread 676" [_thread_blocked, id=3572, stack(0x0000000028a60000,0x0000000028b60000)]
  0x000000001e34f800 JavaThread "jar transforms Thread 675" [_thread_blocked, id=9604, stack(0x0000000028960000,0x0000000028a60000)]
  0x000000001e34c000 JavaThread "jar transforms Thread 674" [_thread_blocked, id=8896, stack(0x0000000028860000,0x0000000028960000)]
  0x000000001e34e800 JavaThread "jar transforms Thread 673" [_thread_blocked, id=5804, stack(0x0000000028760000,0x0000000028860000)]
  0x000000001e34b800 JavaThread "jar transforms Thread 672" [_thread_blocked, id=13160, stack(0x0000000028660000,0x0000000028760000)]
  0x000000001e34a800 JavaThread "jar transforms Thread 671" [_thread_blocked, id=14740, stack(0x0000000028560000,0x0000000028660000)]
  0x000000001e350000 JavaThread "jar transforms Thread 670" [_thread_blocked, id=16176, stack(0x0000000028460000,0x0000000028560000)]
  0x000000001e34e000 JavaThread "jar transforms Thread 669" [_thread_blocked, id=17060, stack(0x0000000028360000,0x0000000028460000)]
  0x000000001e351000 JavaThread "jar transforms Thread 668" [_thread_blocked, id=6596, stack(0x0000000028260000,0x0000000028360000)]
  0x000000001e34d000 JavaThread "jar transforms Thread 667" [_thread_blocked, id=6752, stack(0x0000000028160000,0x0000000028260000)]
  0x000000001e343000 JavaThread "jar transforms Thread 666" [_thread_blocked, id=8508, stack(0x0000000028060000,0x0000000028160000)]
  0x000000001e34a000 JavaThread "jar transforms Thread 665" [_thread_blocked, id=14488, stack(0x0000000027f60000,0x0000000028060000)]
  0x000000001e342000 JavaThread "jar transforms Thread 664" [_thread_blocked, id=12028, stack(0x0000000027e60000,0x0000000027f60000)]
  0x000000001e349000 JavaThread "jar transforms Thread 663" [_thread_blocked, id=17220, stack(0x0000000027c60000,0x0000000027d60000)]
  0x000000001e347800 JavaThread "jar transforms Thread 662" [_thread_blocked, id=15604, stack(0x0000000027b60000,0x0000000027c60000)]
  0x000000001e345000 JavaThread "jar transforms Thread 661" [_thread_blocked, id=7336, stack(0x0000000027a60000,0x0000000027b60000)]
  0x000000001e344800 JavaThread "jar transforms Thread 660" [_thread_blocked, id=8732, stack(0x0000000027960000,0x0000000027a60000)]
  0x000000001e346800 JavaThread "jar transforms Thread 659" [_thread_blocked, id=972, stack(0x0000000027860000,0x0000000027960000)]
  0x000000001e348800 JavaThread "jar transforms Thread 658" [_thread_blocked, id=8268, stack(0x0000000027760000,0x0000000027860000)]
  0x000000001e343800 JavaThread "jar transforms Thread 657" [_thread_blocked, id=15344, stack(0x0000000027660000,0x0000000027760000)]
  0x000000001e346000 JavaThread "jar transforms Thread 656" [_thread_blocked, id=8780, stack(0x0000000027560000,0x0000000027660000)]
  0x000000001c93d000 JavaThread "jar transforms Thread 655" [_thread_blocked, id=11916, stack(0x0000000027460000,0x0000000027560000)]
  0x000000001c93c800 JavaThread "jar transforms Thread 654" [_thread_blocked, id=17612, stack(0x0000000027360000,0x0000000027460000)]
  0x000000001c93a800 JavaThread "jar transforms Thread 653" [_thread_blocked, id=6088, stack(0x0000000027260000,0x0000000027360000)]
  0x000000001c93b800 JavaThread "jar transforms Thread 652" [_thread_blocked, id=13516, stack(0x0000000027160000,0x0000000027260000)]
  0x000000001c93e800 JavaThread "jar transforms Thread 651" [_thread_blocked, id=2968, stack(0x0000000027060000,0x0000000027160000)]
  0x000000001c93e000 JavaThread "jar transforms Thread 650" [_thread_blocked, id=12464, stack(0x0000000026f60000,0x0000000027060000)]
  0x000000001c93f800 JavaThread "jar transforms Thread 649" [_thread_blocked, id=10412, stack(0x0000000026e60000,0x0000000026f60000)]
  0x000000001c93a000 JavaThread "jar transforms Thread 648" [_thread_blocked, id=15732, stack(0x0000000026d60000,0x0000000026e60000)]
  0x000000001c932000 JavaThread "jar transforms Thread 647" [_thread_blocked, id=3764, stack(0x0000000026c60000,0x0000000026d60000)]
  0x000000001c939000 JavaThread "jar transforms Thread 646" [_thread_blocked, id=17256, stack(0x0000000026b60000,0x0000000026c60000)]
  0x000000001c937800 JavaThread "jar transforms Thread 645" [_thread_blocked, id=14768, stack(0x0000000026a60000,0x0000000026b60000)]
  0x000000001c937000 JavaThread "jar transforms Thread 644" [_thread_blocked, id=3988, stack(0x0000000026960000,0x0000000026a60000)]
  0x000000001c931800 JavaThread "jar transforms Thread 643" [_thread_blocked, id=6612, stack(0x0000000026860000,0x0000000026960000)]
  0x000000001c936000 JavaThread "jar transforms Thread 642" [_thread_blocked, id=1120, stack(0x0000000026760000,0x0000000026860000)]
  0x000000001c934800 JavaThread "jar transforms Thread 641" [_thread_blocked, id=3644, stack(0x0000000026660000,0x0000000026760000)]
  0x000000001c933000 JavaThread "jar transforms Thread 640" [_thread_blocked, id=3204, stack(0x0000000026560000,0x0000000026660000)]
  0x000000001c938800 JavaThread "jar transforms Thread 639" [_thread_blocked, id=12756, stack(0x0000000026460000,0x0000000026560000)]
  0x000000001c935000 JavaThread "jar transforms Thread 638" [_thread_blocked, id=1880, stack(0x0000000026360000,0x0000000026460000)]
  0x000000001c930800 JavaThread "jar transforms Thread 637" [_thread_blocked, id=5488, stack(0x0000000026260000,0x0000000026360000)]
  0x000000001c933800 JavaThread "jar transforms Thread 636" [_thread_blocked, id=10572, stack(0x0000000026160000,0x0000000026260000)]
  0x0000000019567800 JavaThread "jar transforms Thread 635" [_thread_blocked, id=12260, stack(0x0000000026060000,0x0000000026160000)]
  0x0000000019567000 JavaThread "jar transforms Thread 634" [_thread_blocked, id=16192, stack(0x0000000025f60000,0x0000000026060000)]
  0x0000000019563800 JavaThread "jar transforms Thread 633" [_thread_blocked, id=2644, stack(0x0000000025e60000,0x0000000025f60000)]
  0x0000000019565000 JavaThread "jar transforms Thread 632" [_thread_blocked, id=13732, stack(0x0000000025d60000,0x0000000025e60000)]
  0x0000000019564800 JavaThread "jar transforms Thread 631" [_thread_blocked, id=2384, stack(0x0000000025c60000,0x0000000025d60000)]
  0x0000000019b67800 JavaThread "jar transforms Thread 630" [_thread_blocked, id=17980, stack(0x0000000025b60000,0x0000000025c60000)]
  0x0000000019b67000 JavaThread "jar transforms Thread 629" [_thread_blocked, id=3260, stack(0x0000000025a60000,0x0000000025b60000)]
  0x0000000019b66000 JavaThread "jar transforms Thread 628" [_thread_blocked, id=3468, stack(0x0000000025960000,0x0000000025a60000)]
  0x0000000019b65000 JavaThread "jar transforms Thread 627" [_thread_blocked, id=3688, stack(0x0000000025860000,0x0000000025960000)]
  0x0000000019b64800 JavaThread "jar transforms Thread 626" [_thread_blocked, id=7008, stack(0x0000000025760000,0x0000000025860000)]
  0x0000000019b5c800 JavaThread "jar transforms Thread 625" [_thread_blocked, id=17540, stack(0x0000000025660000,0x0000000025760000)]
  0x0000000019b63800 JavaThread "jar transforms Thread 624" [_thread_blocked, id=8200, stack(0x0000000025560000,0x0000000025660000)]
  0x0000000019b63000 JavaThread "jar transforms Thread 623" [_thread_blocked, id=14524, stack(0x0000000025460000,0x0000000025560000)]
  0x0000000019b62000 JavaThread "jar transforms Thread 622" [_thread_blocked, id=17704, stack(0x0000000025360000,0x0000000025460000)]
  0x0000000019b5a000 JavaThread "jar transforms Thread 621" [_thread_blocked, id=4056, stack(0x0000000025260000,0x0000000025360000)]
  0x0000000019b5b000 JavaThread "jar transforms Thread 620" [_thread_blocked, id=13536, stack(0x0000000025160000,0x0000000025260000)]
  0x0000000019b61800 JavaThread "jar transforms Thread 619" [_thread_blocked, id=15392, stack(0x0000000025060000,0x0000000025160000)]
  0x0000000019b5d800 JavaThread "jar transforms Thread 618" [_thread_blocked, id=8260, stack(0x0000000024f60000,0x0000000025060000)]
  0x0000000019b59800 JavaThread "jar transforms Thread 617" [_thread_blocked, id=12832, stack(0x0000000024e60000,0x0000000024f60000)]
  0x0000000019b60800 JavaThread "jar transforms Thread 616" [_thread_blocked, id=9952, stack(0x0000000024d60000,0x0000000024e60000)]
  0x0000000019b58800 JavaThread "jar transforms Thread 615" [_thread_blocked, id=7492, stack(0x0000000024c60000,0x0000000024d60000)]
  0x0000000019b5e000 JavaThread "jar transforms Thread 614" [_thread_blocked, id=14340, stack(0x0000000024b60000,0x0000000024c60000)]
  0x0000000017909800 JavaThread "jar transforms Thread 613" [_thread_blocked, id=15864, stack(0x0000000024a60000,0x0000000024b60000)]
  0x0000000017909000 JavaThread "jar transforms Thread 612" [_thread_blocked, id=16408, stack(0x0000000024960000,0x0000000024a60000)]
  0x0000000017908000 JavaThread "jar transforms Thread 611" [_thread_blocked, id=17044, stack(0x0000000024860000,0x0000000024960000)]
  0x000000001790d800 JavaThread "jar transforms Thread 610" [_thread_blocked, id=15816, stack(0x0000000024760000,0x0000000024860000)]
  0x000000001790c000 JavaThread "jar transforms Thread 609" [_thread_blocked, id=6544, stack(0x0000000024660000,0x0000000024760000)]
  0x000000001790a800 JavaThread "jar transforms Thread 608" [_thread_blocked, id=8128, stack(0x0000000024560000,0x0000000024660000)]
  0x000000001790d000 JavaThread "jar transforms Thread 607" [_thread_blocked, id=15156, stack(0x0000000024460000,0x0000000024560000)]
  0x000000001790b000 JavaThread "jar transforms Thread 606" [_thread_blocked, id=16548, stack(0x0000000024360000,0x0000000024460000)]
  0x0000000017907800 JavaThread "jar transforms Thread 605" [_thread_blocked, id=8116, stack(0x0000000024260000,0x0000000024360000)]
  0x00000000178ff800 JavaThread "jar transforms Thread 604" [_thread_blocked, id=1064, stack(0x0000000024160000,0x0000000024260000)]
  0x0000000017906800 JavaThread "jar transforms Thread 603" [_thread_blocked, id=5796, stack(0x0000000024060000,0x0000000024160000)]
  0x00000000178fe800 JavaThread "jar transforms Thread 602" [_thread_blocked, id=7800, stack(0x0000000023f60000,0x0000000024060000)]
  0x0000000017906000 JavaThread "jar transforms Thread 601" [_thread_blocked, id=13828, stack(0x0000000023e60000,0x0000000023f60000)]
  0x0000000017901000 JavaThread "jar transforms Thread 600" [_thread_blocked, id=11608, stack(0x0000000023d60000,0x0000000023e60000)]
  0x0000000017905000 JavaThread "jar transforms Thread 599" [_thread_blocked, id=9072, stack(0x0000000023c60000,0x0000000023d60000)]
  0x0000000017904000 JavaThread "jar transforms Thread 598" [_thread_blocked, id=7716, stack(0x0000000023b60000,0x0000000023c60000)]
  0x0000000017903800 JavaThread "jar transforms Thread 597" [_thread_blocked, id=15080, stack(0x0000000023a60000,0x0000000023b60000)]
  0x0000000017900800 JavaThread "jar transforms Thread 596" [_thread_blocked, id=17400, stack(0x0000000023960000,0x0000000023a60000)]
  0x000000001cf28800 JavaThread "jar transforms Thread 595" [_thread_blocked, id=9100, stack(0x0000000023860000,0x0000000023960000)]
  0x000000001cf2e800 JavaThread "jar transforms Thread 594" [_thread_blocked, id=4300, stack(0x0000000023760000,0x0000000023860000)]
  0x000000001cf2e000 JavaThread "jar transforms Thread 593" [_thread_blocked, id=13304, stack(0x0000000023660000,0x0000000023760000)]
  0x000000001cf2c800 JavaThread "jar transforms Thread 592" [_thread_blocked, id=13200, stack(0x0000000023560000,0x0000000023660000)]
  0x000000001cf2d000 JavaThread "jar transforms Thread 591" [_thread_blocked, id=18092, stack(0x0000000023460000,0x0000000023560000)]
  0x000000001cf2b800 JavaThread "jar transforms Thread 590" [_thread_blocked, id=8676, stack(0x0000000023360000,0x0000000023460000)]
  0x000000001cf2a800 JavaThread "jar transforms Thread 589" [_thread_blocked, id=9184, stack(0x0000000023260000,0x0000000023360000)]
  0x000000001cf21800 JavaThread "jar transforms Thread 588" [_thread_blocked, id=16220, stack(0x0000000023160000,0x0000000023260000)]
  0x000000001cf27800 JavaThread "jar transforms Thread 587" [_thread_blocked, id=7476, stack(0x0000000023060000,0x0000000023160000)]
  0x000000001cf26000 JavaThread "jar transforms Thread 586" [_thread_blocked, id=17364, stack(0x0000000022f60000,0x0000000023060000)]
  0x000000001cf25000 JavaThread "jar transforms Thread 585" [_thread_blocked, id=14092, stack(0x0000000022e60000,0x0000000022f60000)]
  0x000000001cf1f800 JavaThread "jar transforms Thread 584" [_thread_blocked, id=1996, stack(0x0000000022d60000,0x0000000022e60000)]
  0x000000001cf23000 JavaThread "jar transforms Thread 583" [_thread_blocked, id=9864, stack(0x0000000022c60000,0x0000000022d60000)]
  0x000000001cf27000 JavaThread "Build operations Thread 12" [_thread_blocked, id=14344, stack(0x0000000022b60000,0x0000000022c60000)]
  0x000000001cf20800 JavaThread "Build operations Thread 11" [_thread_blocked, id=14016, stack(0x0000000022a60000,0x0000000022b60000)]
  0x000000001cf23800 JavaThread "Build operations Thread 10" [_thread_blocked, id=6276, stack(0x0000000022960000,0x0000000022a60000)]
  0x000000001cf22000 JavaThread "Build operations Thread 9" [_thread_blocked, id=2740, stack(0x0000000022860000,0x0000000022960000)]
  0x000000001cf24800 JavaThread "Build operations Thread 8" [_thread_blocked, id=11400, stack(0x0000000022760000,0x0000000022860000)]
  0x000000001e4b9000 JavaThread "Build operations Thread 7" [_thread_blocked, id=3664, stack(0x0000000022660000,0x0000000022760000)]
  0x000000001e4ba800 JavaThread "Build operations Thread 6" [_thread_blocked, id=12308, stack(0x0000000022560000,0x0000000022660000)]
  0x000000001e4b7000 JavaThread "Build operations Thread 5" [_thread_blocked, id=18352, stack(0x00000000221d0000,0x00000000222d0000)]
  0x000000001e4b9800 JavaThread "Build operations Thread 4" [_thread_blocked, id=6760, stack(0x0000000020eb0000,0x0000000020fb0000)]
  0x000000001e4b6800 JavaThread "Build operations Thread 3" [_thread_blocked, id=9456, stack(0x0000000020db0000,0x0000000020eb0000)]
  0x000000001e4b8000 JavaThread "Build operations Thread 2" [_thread_blocked, id=15316, stack(0x0000000020cb0000,0x0000000020db0000)]
  0x000000001e4ae800 JavaThread "Build operations" [_thread_blocked, id=3264, stack(0x00000000206b0000,0x00000000207b0000)]
  0x000000001e4ad000 JavaThread "Cache worker for checksums cache (C:\Users\vuanh\BaiTap2\android\.gradle\checksums)" [_thread_blocked, id=6624, stack(0x000000001d6b0000,0x000000001d7b0000)]
  0x000000001e4b4000 JavaThread "Daemon client event forwarder" [_thread_blocked, id=8276, stack(0x000000001ac10000,0x000000001ad10000)]
  0x000000001e4b3800 JavaThread "Stdin handler" [_thread_blocked, id=13872, stack(0x000000001ab10000,0x000000001ac10000)]
  0x000000001e4b1800 JavaThread "Asynchronous log dispatcher for DefaultDaemonConnection: socket connection from /127.0.0.1:60228 to /127.0.0.1:61944" [_thread_blocked, id=12660, stack(0x000000001a910000,0x000000001aa10000)]
  0x000000001e4b2800 JavaThread "Daemon worker Thread 7" [_thread_blocked, id=11108, stack(0x000000001a810000,0x000000001a910000)]
  0x000000001e4af800 JavaThread "Cancel handler" [_thread_blocked, id=8824, stack(0x0000000000a80000,0x0000000000b80000)]
  0x000000001e4ac000 JavaThread "Handler for socket connection from /127.0.0.1:60228 to /127.0.0.1:61944" [_thread_in_native, id=14876, stack(0x0000000000980000,0x0000000000a80000)]
  0x000000001e4b0000 JavaThread "Daemon Thread 7" [_thread_blocked, id=6052, stack(0x0000000000880000,0x0000000000980000)]
  0x0000000019b5c000 JavaThread "Device List Monitor" [_thread_in_native, id=9964, stack(0x000000002c320000,0x000000002c420000)]
  0x0000000019b5f800 JavaThread "JdwpProxyConnection" [_thread_in_native, id=9988, stack(0x000000002c220000,0x000000002c320000)]
  0x0000000019b5f000 JavaThread "Monitor" [_thread_in_native, id=5372, stack(0x000000002c120000,0x000000002c220000)]
  0x000000001cf2a000 JavaThread "Memory manager" [_thread_blocked, id=7548, stack(0x0000000029560000,0x0000000029660000)]
  0x0000000019566000 JavaThread "Cache worker for file content cache (C:\Users\vuanh\.gradle\caches\6.9\fileContent)" [_thread_blocked, id=4372, stack(0x00000000207b0000,0x00000000208b0000)]
  0x0000000019568800 JavaThread "Cache worker for execution history cache (C:\Users\vuanh\.gradle\caches\6.9\executionHistory)" [_thread_blocked, id=15252, stack(0x000000001ed30000,0x000000001ee30000)]
  0x0000000019563000 JavaThread "Cache worker for journal cache (C:\Users\vuanh\.gradle\caches\journal-1)" [_thread_blocked, id=16768, stack(0x000000001b410000,0x000000001b510000)]
  0x0000000019569000 JavaThread "File lock request listener" [_thread_in_native, id=8788, stack(0x000000001b310000,0x000000001b410000)]
  0x0000000019562000 JavaThread "Cache worker for file hash cache (C:\Users\vuanh\.gradle\caches\6.9\fileHashes)" [_thread_blocked, id=16772, stack(0x000000001b210000,0x000000001b310000)]
  0x0000000018fc7800 JavaThread "Daemon periodic checks" [_thread_blocked, id=14552, stack(0x000000001a510000,0x000000001a610000)]
  0x0000000018fc6800 JavaThread "Incoming local TCP Connector on port 60228" [_thread_in_native, id=6492, stack(0x000000001a2c0000,0x000000001a3c0000)]
  0x0000000018b94800 JavaThread "Daemon health stats" [_thread_blocked, id=2256, stack(0x0000000018eb0000,0x0000000018fb0000)]
  0x00000000158ec800 JavaThread "Service Thread" daemon [_thread_blocked, id=10416, stack(0x00000000172e0000,0x00000000173e0000)]
  0x0000000015860800 JavaThread "C1 CompilerThread3" daemon [_thread_blocked, id=1812, stack(0x00000000171e0000,0x00000000172e0000)]
  0x000000001585e000 JavaThread "C2 CompilerThread2" daemon [_thread_blocked, id=17228, stack(0x00000000170e0000,0x00000000171e0000)]
  0x0000000015856000 JavaThread "C2 CompilerThread1" daemon [_thread_blocked, id=16668, stack(0x0000000016fe0000,0x00000000170e0000)]
  0x0000000015854000 JavaThread "C2 CompilerThread0" daemon [_thread_blocked, id=9668, stack(0x0000000016ee0000,0x0000000016fe0000)]
  0x000000001584c800 JavaThread "Attach Listener" daemon [_thread_blocked, id=6084, stack(0x0000000016de0000,0x0000000016ee0000)]
  0x000000001584a000 JavaThread "Signal Dispatcher" daemon [_thread_blocked, id=1844, stack(0x0000000016ce0000,0x0000000016de0000)]
  0x00000000026fc800 JavaThread "Finalizer" daemon [_thread_blocked, id=12716, stack(0x0000000016aa0000,0x0000000016ba0000)]
  0x00000000026fb000 JavaThread "Reference Handler" daemon [_thread_blocked, id=11708, stack(0x00000000169a0000,0x0000000016aa0000)]
  0x0000000002604000 JavaThread "main" [_thread_blocked, id=10268, stack(0x0000000002500000,0x0000000002600000)]

Other Threads:
=>0x0000000014166800 VMThread [stack: 0x00000000168a0000,0x00000000169a0000] [id=5064]
  0x00000000158ed000 WatcherThread [stack: 0x00000000173e0000,0x00000000174e0000] [id=3560]

VM state:at safepoint (normal execution)

VM Mutex/Monitor currently owned by a thread:  ([mutex/lock_event])
[0x00000000026018d0] Threads_lock - owner thread: 0x0000000014166800

heap address: 0x00000000e0000000, size: 512 MB, Compressed Oops mode: 32-bit
Narrow klass base: 0x0000000000000000, Narrow klass shift: 3
Compressed class space size: 1073741824 Address: 0x0000000100000000

Heap:
 PSYoungGen      total 127488K, used 74862K [0x00000000f5580000, 0x00000000ff380000, 0x0000000100000000)
  eden space 97280K, 55% used [0x00000000f5580000,0x00000000f8aafd20,0x00000000fb480000)
  from space 30208K, 67% used [0x00000000fd600000,0x00000000fe9ebb58,0x00000000ff380000)
  to   space 32256K, 0% used [0x00000000fb480000,0x00000000fb480000,0x00000000fd400000)
 ParOldGen       total 198144K, used 50835K [0x00000000e0000000, 0x00000000ec180000, 0x00000000f5580000)
  object space 198144K, 25% used [0x00000000e0000000,0x00000000e31a4e98,0x00000000ec180000)
 Metaspace       used 86088K, capacity 91580K, committed 91776K, reserved 1128448K
  class space    used 11583K, capacity 12554K, committed 12672K, reserved 1048576K

Card table byte_map: [0x0000000011ac0000,0x0000000011bd0000] byte_map_base: 0x00000000113c0000

Marking Bits: (ParMarkBitMap*) 0x0000000051db2480
 Begin Bits: [0x0000000012680000, 0x0000000012e80000)
 End Bits:   [0x0000000012e80000, 0x0000000013680000)

Polling page: 0x0000000000ba0000

CodeCache: size=245760Kb used=40903Kb max_used=40925Kb free=204856Kb
 bounds [0x0000000002700000, 0x0000000004f40000, 0x0000000011700000]
 total_blobs=13245 nmethods=12373 adapters=783
 compilation: enabled

Compilation events (10 events):
Event: 10888.858 Thread 0x0000000015854000 14917       4       java.util.concurrent.atomic.AtomicReference::compareAndSet (13 bytes)
Event: 10888.859 Thread 0x0000000015860800 nmethod 14912 0x00000000037cf150 code [0x00000000037cf3c0, 0x00000000037d00c8]
Event: 10888.860 Thread 0x0000000015854000 nmethod 14917 0x0000000002e4acd0 code [0x0000000002e4ae00, 0x0000000002e4ae98]
Event: 10888.862 Thread 0x0000000015860800 14914       3       com.google.wireless.android.sdk.stats.GradleTaskExecution::writeTo (101 bytes)
Event: 10888.863 Thread 0x0000000015860800 nmethod 14914 0x00000000028ba890 code [0x00000000028baa60, 0x00000000028bb1f8]
Event: 10888.863 Thread 0x0000000015856000 nmethod 14915 0x0000000002b4e410 code [0x0000000002b4e560, 0x0000000002b4e858]
Event: 10888.864 Thread 0x0000000015854000 14918   !   4       java.lang.ThreadGroup::remove (94 bytes)
Event: 10888.868 Thread 0x0000000015856000 14919       4       java.util.concurrent.ConcurrentHashMap$EntryIterator::next (5 bytes)
Event: 10888.871 Thread 0x0000000015854000 nmethod 14918 0x0000000003053e50 code [0x0000000003053fa0, 0x00000000030544d8]
Event: 10888.871 Thread 0x0000000015854000 14920       4       java.util.concurrent.ConcurrentHashMap$EntryIterator::next (51 bytes)

GC Heap History (10 events):
Event: 3048.863 GC heap before
{Heap before GC invocations=17 (full 3):
 PSYoungGen      total 147456K, used 147437K [0x00000000f5580000, 0x0000000100000000, 0x0000000100000000)
  eden space 120320K, 100% used [0x00000000f5580000,0x00000000fcb00000,0x00000000fcb00000)
  from space 27136K, 99% used [0x00000000fcb00000,0x00000000fe57b570,0x00000000fe580000)
  to   space 27136K, 0% used [0x00000000fe580000,0x00000000fe580000,0x0000000100000000)
 ParOldGen       total 198144K, used 42210K [0x00000000e0000000, 0x00000000ec180000, 0x00000000f5580000)
  object space 198144K, 21% used [0x00000000e0000000,0x00000000e2938908,0x00000000ec180000)
 Metaspace       used 83606K, capacity 88012K, committed 88320K, reserved 1126400K
  class space    used 11381K, capacity 12182K, committed 12288K, reserved 1048576K
Event: 3049.025 GC heap after
Heap after GC invocations=17 (full 3):
 PSYoungGen      total 131072K, used 27130K [0x00000000f5580000, 0x0000000100000000, 0x0000000100000000)
  eden space 103936K, 0% used [0x00000000f5580000,0x00000000f5580000,0x00000000fbb00000)
  from space 27136K, 99% used [0x00000000fe580000,0x00000000ffffe820,0x0000000100000000)
  to   space 35328K, 0% used [0x00000000fbb00000,0x00000000fbb00000,0x00000000fdd80000)
 ParOldGen       total 198144K, used 50803K [0x00000000e0000000, 0x00000000ec180000, 0x00000000f5580000)
  object space 198144K, 25% used [0x00000000e0000000,0x00000000e319ce98,0x00000000ec180000)
 Metaspace       used 83606K, capacity 88012K, committed 88320K, reserved 1126400K
  class space    used 11381K, capacity 12182K, committed 12288K, reserved 1048576K
}
Event: 3422.765 GC heap before
{Heap before GC invocations=18 (full 3):
 PSYoungGen      total 131072K, used 131066K [0x00000000f5580000, 0x0000000100000000, 0x0000000100000000)
  eden space 103936K, 100% used [0x00000000f5580000,0x00000000fbb00000,0x00000000fbb00000)
  from space 27136K, 99% used [0x00000000fe580000,0x00000000ffffe820,0x0000000100000000)
  to   space 35328K, 0% used [0x00000000fbb00000,0x00000000fbb00000,0x00000000fdd80000)
 ParOldGen       total 198144K, used 50803K [0x00000000e0000000, 0x00000000ec180000, 0x00000000f5580000)
  object space 198144K, 25% used [0x00000000e0000000,0x00000000e319ce98,0x00000000ec180000)
 Metaspace       used 84807K, capacity 89876K, committed 90112K, reserved 1126400K
  class space    used 11507K, capacity 12426K, committed 12544K, reserved 1048576K
Event: 3423.093 GC heap after
Heap after GC invocations=18 (full 3):
 PSYoungGen      total 121856K, used 19613K [0x00000000f5580000, 0x00000000ffc00000, 0x0000000100000000)
  eden space 101888K, 0% used [0x00000000f5580000,0x00000000f5580000,0x00000000fb900000)
  from space 19968K, 98% used [0x00000000fbb00000,0x00000000fce27538,0x00000000fce80000)
  to   space 34304K, 0% used [0x00000000fda80000,0x00000000fda80000,0x00000000ffc00000)
 ParOldGen       total 198144K, used 50811K [0x00000000e0000000, 0x00000000ec180000, 0x00000000f5580000)
  object space 198144K, 25% used [0x00000000e0000000,0x00000000e319ee98,0x00000000ec180000)
 Metaspace       used 84807K, capacity 89876K, committed 90112K, reserved 1126400K
  class space    used 11507K, capacity 12426K, committed 12544K, reserved 1048576K
}
Event: 8471.670 GC heap before
{Heap before GC invocations=19 (full 3):
 PSYoungGen      total 121856K, used 121501K [0x00000000f5580000, 0x00000000ffc00000, 0x0000000100000000)
  eden space 101888K, 100% used [0x00000000f5580000,0x00000000fb900000,0x00000000fb900000)
  from space 19968K, 98% used [0x00000000fbb00000,0x00000000fce27538,0x00000000fce80000)
  to   space 34304K, 0% used [0x00000000fda80000,0x00000000fda80000,0x00000000ffc00000)
 ParOldGen       total 198144K, used 50811K [0x00000000e0000000, 0x00000000ec180000, 0x00000000f5580000)
  object space 198144K, 25% used [0x00000000e0000000,0x00000000e319ee98,0x00000000ec180000)
 Metaspace       used 85201K, capacity 90398K, committed 90624K, reserved 1128448K
  class space    used 11526K, capacity 12457K, committed 12544K, reserved 1048576K
Event: 8471.991 GC heap after
Heap after GC invocations=19 (full 3):
 PSYoungGen      total 131072K, used 18817K [0x00000000f5580000, 0x00000000ff880000, 0x0000000100000000)
  eden space 100352K, 0% used [0x00000000f5580000,0x00000000f5580000,0x00000000fb780000)
  from space 30720K, 61% used [0x00000000fda80000,0x00000000fece0770,0x00000000ff880000)
  to   space 33280K, 0% used [0x00000000fb780000,0x00000000fb780000,0x00000000fd800000)
 ParOldGen       total 198144K, used 50819K [0x00000000e0000000, 0x00000000ec180000, 0x00000000f5580000)
  object space 198144K, 25% used [0x00000000e0000000,0x00000000e31a0e98,0x00000000ec180000)
 Metaspace       used 85201K, capacity 90398K, committed 90624K, reserved 1128448K
  class space    used 11526K, capacity 12457K, committed 12544K, reserved 1048576K
}
Event: 10668.319 GC heap before
{Heap before GC invocations=20 (full 3):
 PSYoungGen      total 131072K, used 119169K [0x00000000f5580000, 0x00000000ff880000, 0x0000000100000000)
  eden space 100352K, 100% used [0x00000000f5580000,0x00000000fb780000,0x00000000fb780000)
  from space 30720K, 61% used [0x00000000fda80000,0x00000000fece0770,0x00000000ff880000)
  to   space 33280K, 0% used [0x00000000fb780000,0x00000000fb780000,0x00000000fd800000)
 ParOldGen       total 198144K, used 50819K [0x00000000e0000000, 0x00000000ec180000, 0x00000000f5580000)
  object space 198144K, 25% used [0x00000000e0000000,0x00000000e31a0e98,0x00000000ec180000)
 Metaspace       used 85480K, capacity 90656K, committed 90880K, reserved 1128448K
  class space    used 11533K, capacity 12468K, committed 12544K, reserved 1048576K
Event: 10668.655 GC heap after
Heap after GC invocations=20 (full 3):
 PSYoungGen      total 119808K, used 20491K [0x00000000f5580000, 0x00000000ff600000, 0x0000000100000000)
  eden space 98816K, 0% used [0x00000000f5580000,0x00000000f5580000,0x00000000fb600000)
  from space 20992K, 97% used [0x00000000fb780000,0x00000000fcb82e40,0x00000000fcc00000)
  to   space 32768K, 0% used [0x00000000fd600000,0x00000000fd600000,0x00000000ff600000)
 ParOldGen       total 198144K, used 50827K [0x00000000e0000000, 0x00000000ec180000, 0x00000000f5580000)
  object space 198144K, 25% used [0x00000000e0000000,0x00000000e31a2e98,0x00000000ec180000)
 Metaspace       used 85480K, capacity 90656K, committed 90880K, reserved 1128448K
  class space    used 11533K, capacity 12468K, committed 12544K, reserved 1048576K
}
Event: 10872.773 GC heap before
{Heap before GC invocations=21 (full 3):
 PSYoungGen      total 119808K, used 119307K [0x00000000f5580000, 0x00000000ff600000, 0x0000000100000000)
  eden space 98816K, 100% used [0x00000000f5580000,0x00000000fb600000,0x00000000fb600000)
  from space 20992K, 97% used [0x00000000fb780000,0x00000000fcb82e40,0x00000000fcc00000)
  to   space 32768K, 0% used [0x00000000fd600000,0x00000000fd600000,0x00000000ff600000)
 ParOldGen       total 198144K, used 50827K [0x00000000e0000000, 0x00000000ec180000, 0x00000000f5580000)
  object space 198144K, 25% used [0x00000000e0000000,0x00000000e31a2e98,0x00000000ec180000)
 Metaspace       used 85966K, capacity 91446K, committed 91776K, reserved 1128448K
  class space    used 11580K, capacity 12553K, committed 12672K, reserved 1048576K
Event: 10872.905 GC heap after
Heap after GC invocations=21 (full 3):
 PSYoungGen      total 127488K, used 20398K [0x00000000f5580000, 0x00000000ff380000, 0x0000000100000000)
  eden space 97280K, 0% used [0x00000000f5580000,0x00000000f5580000,0x00000000fb480000)
  from space 30208K, 67% used [0x00000000fd600000,0x00000000fe9ebb58,0x00000000ff380000)
  to   space 32256K, 0% used [0x00000000fb480000,0x00000000fb480000,0x00000000fd400000)
 ParOldGen       total 198144K, used 50835K [0x00000000e0000000, 0x00000000ec180000, 0x00000000f5580000)
  object space 198144K, 25% used [0x00000000e0000000,0x00000000e31a4e98,0x00000000ec180000)
 Metaspace       used 85966K, capacity 91446K, committed 91776K, reserved 1128448K
  class space    used 11580K, capacity 12553K, committed 12672K, reserved 1048576K
}

Deoptimization events (10 events):
Event: 10677.165 Thread 0x000000001e4b2800 Uncommon trap: reason=unstable_if action=reinterpret pc=0x00000000032d4ba0 method=java.lang.ref.SoftReference.get()Ljava/lang/Object; @ 6
Event: 10677.166 Thread 0x000000001e4b2800 Uncommon trap: reason=unstable_if action=reinterpret pc=0x0000000002eec078 method=java.lang.ref.SoftReference.get()Ljava/lang/Object; @ 6
Event: 10677.171 Thread 0x000000001e4ae800 Uncommon trap: reason=bimorphic action=maybe_recompile pc=0x0000000002a0ee1c method=org.gradle.internal.logging.text.AbstractStyledTextOutput.text(Ljava/lang/Object;)Lorg/gradle/internal/logging/text/StyledTextOutput; @ 11
Event: 10677.173 Thread 0x000000001e4b2800 Uncommon trap: reason=unstable_if action=reinterpret pc=0x000000000368be04 method=java.lang.ref.SoftReference.get()Ljava/lang/Object; @ 6
Event: 10677.187 Thread 0x000000001e4ae800 Uncommon trap: reason=bimorphic action=maybe_recompile pc=0x0000000002a32120 method=com.google.common.cache.LocalCache$Segment.get(Ljava/lang/Object;I)Ljava/lang/Object; @ 44
Event: 10677.316 Thread 0x000000001e4ae000 Uncommon trap: reason=array_check action=maybe_recompile pc=0x000000000489ca94 method=java.util.TimSort.binarySort([Ljava/lang/Object;IIILjava/util/Comparator;)V @ 193
Event: 10677.321 Thread 0x000000001e4ae000 Uncommon trap: reason=array_check action=maybe_recompile pc=0x000000000489ca94 method=java.util.TimSort.binarySort([Ljava/lang/Object;IIILjava/util/Comparator;)V @ 193
Event: 10677.322 Thread 0x000000001e4ae000 Uncommon trap: reason=array_check action=maybe_recompile pc=0x000000000489ca94 method=java.util.TimSort.binarySort([Ljava/lang/Object;IIILjava/util/Comparator;)V @ 193
Event: 10677.335 Thread 0x000000001e4ae000 Uncommon trap: reason=array_check action=maybe_recompile pc=0x000000000489ca94 method=java.util.TimSort.binarySort([Ljava/lang/Object;IIILjava/util/Comparator;)V @ 193
Event: 10677.339 Thread 0x000000001e4ae000 Uncommon trap: reason=unstable_if action=reinterpret pc=0x0000000002822130 method=java.lang.ref.SoftReference.get()Ljava/lang/Object; @ 6

Classes redefined (0 events):
No events

Internal exceptions (10 events):
Event: 10734.429 Thread 0x0000000019b5c000 Exception <a 'java/net/ConnectException': Connection refused: connect> (0x00000000fa029558) thrown at [C:\tmp\build-8-cpu\jdk8u\hotspot\src\share\vm\prims\jni.cpp, line 738]
Event: 10736.486 Thread 0x0000000019b5c000 Exception <a 'java/net/ConnectException': Connection refused: connect> (0x00000000fa0299d8) thrown at [C:\tmp\build-8-cpu\jdk8u\hotspot\src\share\vm\prims\jni.cpp, line 738]
Event: 10787.460 Thread 0x0000000019b5c000 Exception <a 'java/io/IOException'> (0x00000000fa046460) thrown at [C:\tmp\build-8-cpu\jdk8u\hotspot\src\share\vm\prims\jni.cpp, line 711]
Event: 10789.503 Thread 0x0000000019b5c000 Exception <a 'java/net/ConnectException': Connection refused: connect> (0x00000000fa0deb40) thrown at [C:\tmp\build-8-cpu\jdk8u\hotspot\src\share\vm\prims\jni.cpp, line 738]
Event: 10791.525 Thread 0x0000000019b5c000 Exception <a 'java/net/ConnectException': Connection refused: connect> (0x00000000fa0defc0) thrown at [C:\tmp\build-8-cpu\jdk8u\hotspot\src\share\vm\prims\jni.cpp, line 738]
Event: 10794.562 Thread 0x0000000019b5c000 Exception <a 'java/net/ConnectException': Connection refused: connect> (0x00000000fa0ebe58) thrown at [C:\tmp\build-8-cpu\jdk8u\hotspot\src\share\vm\prims\jni.cpp, line 738]
Event: 10796.604 Thread 0x0000000019b5c000 Exception <a 'java/net/ConnectException': Connection refused: connect> (0x00000000fa0ec2e8) thrown at [C:\tmp\build-8-cpu\jdk8u\hotspot\src\share\vm\prims\jni.cpp, line 738]
Event: 10799.659 Thread 0x0000000019b5c000 Exception <a 'java/net/ConnectException': Connection refused: connect> (0x00000000fa0f0c18) thrown at [C:\tmp\build-8-cpu\jdk8u\hotspot\src\share\vm\prims\jni.cpp, line 738]
Event: 10801.716 Thread 0x0000000019b5c000 Exception <a 'java/net/ConnectException': Connection refused: connect> (0x00000000fa0f1098) thrown at [C:\tmp\build-8-cpu\jdk8u\hotspot\src\share\vm\prims\jni.cpp, line 738]
Event: 10877.992 Thread 0x000000001e4b2800 Exception <a 'sun/nio/fs/WindowsException'> (0x00000000f5bf8c70) thrown at [C:\tmp\build-8-cpu\jdk8u\hotspot\src\share\vm\prims\jni.cpp, line 711]

Events (10 events):
Event: 10888.864 Thread 0x0000000017d25000 Thread added: 0x0000000017d25000
Event: 10888.864 Executing VM operation: RevokeBias
Event: 10888.865 Executing VM operation: RevokeBias done
Event: 10888.865 Thread 0x0000000017d25000 Thread exited: 0x0000000017d25000
Event: 10888.869 Executing VM operation: RevokeBias
Event: 10888.870 Executing VM operation: RevokeBias done
Event: 10888.870 Thread 0x000000001e4b1000 Thread exited: 0x000000001e4b1000
Event: 10888.870 Executing VM operation: RevokeBias
Event: 10888.871 Executing VM operation: RevokeBias done
Event: 10888.871 Executing VM operation: BulkRevokeBias


Dynamic libraries:
0x00007ff75b930000 - 0x00007ff75b965000 	C:\Program Files\OpenJDK\openjdk-8u312-b07\bin\java.exe
0x00007ffeb1720000 - 0x00007ffeb1927000 	C:\WINDOWS\SYSTEM32\ntdll.dll
0x00007ffeafda0000 - 0x00007ffeafe5d000 	C:\WINDOWS\System32\KERNEL32.DLL
0x00007ffeaf020000 - 0x00007ffeaf394000 	C:\WINDOWS\System32\KERNELBASE.dll
0x00007ffeaf870000 - 0x00007ffeaf91e000 	C:\WINDOWS\System32\ADVAPI32.dll
0x00007ffeaff10000 - 0x00007ffeaffb3000 	C:\WINDOWS\System32\msvcrt.dll
0x00007ffeaf6e0000 - 0x00007ffeaf77e000 	C:\WINDOWS\System32\sechost.dll
0x00007ffeb1390000 - 0x00007ffeb14b0000 	C:\WINDOWS\System32\RPCRT4.dll
0x00007ffeb08f0000 - 0x00007ffeb0a9c000 	C:\WINDOWS\System32\USER32.dll
0x00007ffeaf590000 - 0x00007ffeaf5b6000 	C:\WINDOWS\System32\win32u.dll
0x00007ffeafd70000 - 0x00007ffeafd99000 	C:\WINDOWS\System32\GDI32.dll
0x00007ffeaec10000 - 0x00007ffeaed22000 	C:\WINDOWS\System32\gdi32full.dll
0x00007ffeaed30000 - 0x00007ffeaedcd000 	C:\WINDOWS\System32\msvcp_win.dll
0x00007ffeaee90000 - 0x00007ffeaefa1000 	C:\WINDOWS\System32\ucrtbase.dll
0x00007ffe9db00000 - 0x00007ffe9dda5000 	C:\WINDOWS\WinSxS\amd64_microsoft.windows.common-controls_6595b64144ccf1df_6.0.22000.120_none_9d947278b86cc467\COMCTL32.dll
0x00007ffeb0890000 - 0x00007ffeb08c1000 	C:\WINDOWS\System32\IMM32.DLL
0x0000000051e40000 - 0x0000000051f12000 	C:\Program Files\OpenJDK\openjdk-8u312-b07\jre\bin\msvcr100.dll
0x00000000515a0000 - 0x0000000051e34000 	C:\Program Files\OpenJDK\openjdk-8u312-b07\jre\bin\server\jvm.dll
0x00007ffeb0b30000 - 0x00007ffeb0b38000 	C:\WINDOWS\System32\PSAPI.DLL
0x00007ffe8f670000 - 0x00007ffe8f679000 	C:\WINDOWS\SYSTEM32\WSOCK32.dll
0x00007ffea90c0000 - 0x00007ffea90f3000 	C:\WINDOWS\SYSTEM32\WINMM.dll
0x00007ffea6620000 - 0x00007ffea662a000 	C:\WINDOWS\SYSTEM32\VERSION.dll
0x00007ffeb0810000 - 0x00007ffeb087f000 	C:\WINDOWS\System32\WS2_32.dll
0x00007ffe8d980000 - 0x00007ffe8d98f000 	C:\Program Files\OpenJDK\openjdk-8u312-b07\jre\bin\verify.dll
0x00007ffe8c960000 - 0x00007ffe8c989000 	C:\Program Files\OpenJDK\openjdk-8u312-b07\jre\bin\java.dll
0x00007ffe8d960000 - 0x00007ffe8d976000 	C:\Program Files\OpenJDK\openjdk-8u312-b07\jre\bin\zip.dll
0x00007ffeb0b40000 - 0x00007ffeb12ee000 	C:\WINDOWS\System32\SHELL32.dll
0x00007ffeacd90000 - 0x00007ffead5f7000 	C:\WINDOWS\SYSTEM32\windows.storage.dll
0x00007ffeb0430000 - 0x00007ffeb07a8000 	C:\WINDOWS\System32\combase.dll
0x00007ffeacc20000 - 0x00007ffeacd86000 	C:\WINDOWS\SYSTEM32\wintypes.dll
0x00007ffeaf780000 - 0x00007ffeaf86a000 	C:\WINDOWS\System32\SHCORE.dll
0x00007ffeb1680000 - 0x00007ffeb16dd000 	C:\WINDOWS\System32\shlwapi.dll
0x00007ffeaeb40000 - 0x00007ffeaeb61000 	C:\WINDOWS\SYSTEM32\profapi.dll
0x00007ffe8c6e0000 - 0x00007ffe8c6fb000 	C:\Program Files\OpenJDK\openjdk-8u312-b07\jre\bin\net.dll
0x00007ffeae230000 - 0x00007ffeae297000 	C:\WINDOWS\system32\mswsock.dll
0x00007ffe8a1a0000 - 0x00007ffe8a1b1000 	C:\Program Files\OpenJDK\openjdk-8u312-b07\jre\bin\nio.dll
0x00007ffe854c0000 - 0x00007ffe854e7000 	C:\Users\vuanh\.gradle\native\49d0259a56938c7f99b2704e745ce422c4f750a7a20b539a32ccef96729676b1\windows-amd64\native-platform.dll
0x00007ffe43b90000 - 0x00007ffe43d26000 	C:\Users\vuanh\.gradle\native\12488b8bf47d2d4c9fbf2f6322a914ad602e24e48041cd04a747c6da556b65c4\windows-amd64\native-platform-file-events.dll
0x00007ffe8a610000 - 0x00007ffe8a61d000 	C:\Program Files\OpenJDK\openjdk-8u312-b07\jre\bin\management.dll
0x00007ffeae470000 - 0x00007ffeae488000 	C:\WINDOWS\SYSTEM32\CRYPTSP.dll
0x00007ffeadd60000 - 0x00007ffeadd95000 	C:\WINDOWS\system32\rsaenh.dll
0x00007ffeae320000 - 0x00007ffeae349000 	C:\WINDOWS\SYSTEM32\USERENV.dll
0x00007ffeae5f0000 - 0x00007ffeae617000 	C:\WINDOWS\SYSTEM32\bcrypt.dll
0x00007ffeaf510000 - 0x00007ffeaf58f000 	C:\WINDOWS\System32\bcryptprimitives.dll
0x00007ffeae490000 - 0x00007ffeae49c000 	C:\WINDOWS\SYSTEM32\CRYPTBASE.dll
0x00007ffead930000 - 0x00007ffead95d000 	C:\WINDOWS\SYSTEM32\IPHLPAPI.DLL
0x00007ffeb1380000 - 0x00007ffeb1389000 	C:\WINDOWS\System32\NSI.dll
0x00007ffea8d20000 - 0x00007ffea8d39000 	C:\WINDOWS\SYSTEM32\dhcpcsvc6.DLL
0x00007ffea90a0000 - 0x00007ffea90be000 	C:\WINDOWS\SYSTEM32\dhcpcsvc.DLL
0x00007ffead960000 - 0x00007ffeada47000 	C:\WINDOWS\SYSTEM32\DNSAPI.dll
0x00007ffe850c0000 - 0x00007ffe850e4000 	C:\Program Files\OpenJDK\openjdk-8u312-b07\jre\bin\sunec.dll
0x00007ffe9ebd0000 - 0x00007ffe9ebda000 	C:\Windows\System32\rasadhlp.dll
0x00007ffea73d0000 - 0x00007ffea7451000 	C:\WINDOWS\System32\fwpuclnt.dll
0x00007ffe8a190000 - 0x00007ffe8a19c000 	C:\Program Files\OpenJDK\openjdk-8u312-b07\jre\bin\sunmscapi.dll
0x00007ffeaf3a0000 - 0x00007ffeaf502000 	C:\WINDOWS\System32\CRYPT32.dll
0x00007ffeae5c0000 - 0x00007ffeae5e8000 	C:\WINDOWS\SYSTEM32\ncrypt.dll
0x00007ffeae580000 - 0x00007ffeae5b7000 	C:\WINDOWS\SYSTEM32\NTASN1.dll

VM Arguments:
jvm_args: -XX:MaxMetaspaceSize=256m -XX:+HeapDumpOnOutOfMemoryError -Xms256m -Xmx512m -Dfile.encoding=windows-1252 -Duser.country=US -Duser.language=en -Duser.variant 
java_command: org.gradle.launcher.daemon.bootstrap.GradleDaemon 6.9
java_class_path (initial): C:\Users\vuanh\.gradle\wrapper\dists\gradle-6.9-all\dooywd8nv05k16orzxge2b1bs\gradle-6.9\lib\gradle-launcher-6.9.jar
Launcher Type: SUN_STANDARD

Environment Variables:
JAVA_HOME=C:\Program Files\OpenJDK\openjdk-8u312-b07
CLASSPATH=C:\Users\vuanh\BaiTap2\android\\gradle\wrapper\gradle-wrapper.jar
PATH=C:\Users\vuanh\BaiTap2\android\node_modules\.bin;C:\Users\vuanh\BaiTap2\node_modules\.bin;C:\Users\vuanh\node_modules\.bin;C:\Users\node_modules\.bin;C:\node_modules\.bin;C:\Program Files\nodejs;C:\Program Files\nodejs\node_modules\npm\node_modules\npm-lifecycle\node-gyp-bin;C:\Users\vuanh\BaiTap2\node_modules\.bin;C:\WINDOWS\system32;C:\WINDOWS;C:\WINDOWS\System32\Wbem;C:\WINDOWS\System32\WindowsPowerShell\v1.0\;C:\WINDOWS\System32\OpenSSH\;C:\ProgramData\chocolatey\bin;C:\Program Files\OpenJDK\openjdk-8u312-b07\bin;C:\Program Files\nodejs\;C:\Program Files\Git\cmd;C:\Users\vuanh\AppData\Local\Microsoft\WindowsApps;C:\Users\vuanh\AppData\Local\Programs\Microsoft VS Code\bin;C:\Users\vuanh\AppData\Roaming\npm;C:\Users\vuanh\AppData\Local\Android\Sdk\platform-tools;D:\FutterSetUp\flutter\bin;C:\Program Files\Android\Android Studio\jre\bin;
USERNAME=vuanh
OS=Windows_NT
PROCESSOR_IDENTIFIER=Intel64 Family 6 Model 158 Stepping 10, GenuineIntel



---------------  S Y S T E M  ---------------

OS: Windows 10.0 , 64 bit Build 22000 (10.0.22000.434)

CPU:total 12 (initial active 12) (6 cores per cpu, 2 threads per core) family 6 model 158 stepping 10, cmov, cx8, fxsr, mmx, sse, sse2, sse3, ssse3, sse4.1, sse4.2, popcnt, avx, avx2, aes, clmul, erms, 3dnowpref, lzcnt, ht, tsc, tscinvbit, bmi1, bmi2, adx

Memory: 4k page, physical 8231032k(301052k free), swap 23688436k(2048k free)

vm_info: OpenJDK 64-Bit Server VM (25.312-b07) for windows-amd64 JRE (1.8.0_312-b07), built on Oct 15 2021 11:47:12 by "build" with MS VC++ 10.0 (VS2010)

time: Tue Jan 18 22:43:22 2022
timezone: SE Asia Standard Time
elapsed time: 10888.907601 seconds (0d 3h 1m 28s)

